[2023-12-04 20:10:12.850] [puff::index::jointLog] [info] Running fixFasta
[2023-12-04 20:10:12.852] [puff::index::jointLog] [info] Replaced 0 non-ATCG nucleotides
[2023-12-04 20:10:12.853] [puff::index::jointLog] [info] Clipped poly-A tails from 0 transcripts
[2023-12-04 20:10:12.853] [puff::index::jointLog] [info] Filter size not provided; estimating from number of distinct k-mers
[2023-12-04 20:10:12.854] [puff::index::jointLog] [info] ntHll estimated 51091 distinct k-mers, setting filter size to 2^20
[2023-12-04 20:10:12.883] [puff::index::jointLog] [info] Starting the Pufferfish indexing by reading the GFA binary file.
[2023-12-04 20:10:12.883] [puff::index::jointLog] [info] Setting the index/BinaryGfa directory Trinity.tmp.fasta.salmon.idx
[2023-12-04 20:10:12.884] [puff::index::jointLog] [info] Done wrapping the rank vector with a rank9sel structure.
[2023-12-04 20:10:12.884] [puff::index::jointLog] [info] contig count for validation: 2
[2023-12-04 20:10:12.884] [puff::index::jointLog] [info] Total # of Contigs : 2
[2023-12-04 20:10:12.884] [puff::index::jointLog] [info] Total # of numerical Contigs : 2
[2023-12-04 20:10:12.884] [puff::index::jointLog] [info] Total # of contig vec entries: 2
[2023-12-04 20:10:12.884] [puff::index::jointLog] [info] bits per offset entry 2
[2023-12-04 20:10:12.884] [puff::index::jointLog] [info] Done constructing the contig vector. 3
[2023-12-04 20:10:12.884] [puff::index::jointLog] [info] # segments = 2
[2023-12-04 20:10:12.884] [puff::index::jointLog] [info] total length = 9,976
[2023-12-04 20:10:12.884] [puff::index::jointLog] [info] Reading the reference files ...
[2023-12-04 20:10:12.885] [puff::index::jointLog] [info] positional integer width = 14
[2023-12-04 20:10:12.885] [puff::index::jointLog] [info] seqSize = 9,976
[2023-12-04 20:10:12.885] [puff::index::jointLog] [info] rankSize = 9,976
[2023-12-04 20:10:12.885] [puff::index::jointLog] [info] edgeVecSize = 0
[2023-12-04 20:10:12.885] [puff::index::jointLog] [info] num keys = 9,928
[2023-12-04 20:10:12.929] [puff::index::jointLog] [info] mphf size = 0.00691986 MB
[2023-12-04 20:10:12.929] [puff::index::jointLog] [info] chunk size = 9,976
[2023-12-04 20:10:12.929] [puff::index::jointLog] [info] chunk 0 = [0, 9,952)
[2023-12-04 20:10:12.930] [puff::index::jointLog] [info] finished populating pos vector
[2023-12-04 20:10:12.930] [puff::index::jointLog] [info] writing index components
[2023-12-04 20:10:12.931] [puff::index::jointLog] [info] finished writing dense pufferfish index
