2023-12-04 20:10:17 DEBUG:busco.run_BUSCO	Command line: /home/altschul/anaconda3/envs/busco_env/bin/busco -i /home/altschul/Pictures/data/Out/trinity_assembly.Trinity.fasta -o busco_result -l synergistetes_odb10 -m transcriptome --cpu 16 -f
2023-12-04 20:10:17 INFO:busco.run_BUSCO	***** Start a BUSCO v5.5.0 analysis, current time: 12/04/2023 20:10:17 *****
2023-12-04 20:10:17 DEBUG:busco.ConfigManager	Getting config file
2023-12-04 20:10:17 INFO:busco.ConfigManager	Configuring BUSCO with local environment
2023-12-04 20:10:17 INFO:busco.BuscoConfig	Mode is transcriptome
2023-12-04 20:10:17 INFO:busco.BuscoDownloadManager	Downloading information on latest versions of BUSCO data...
2023-12-04 20:10:22 DEBUG:busco.BuscoConfig	State of BUSCO config before run:
2023-12-04 20:10:22 DEBUG:busco.BuscoConfig	{'_allow_no_value': False,
 '_comment_prefixes': ('#', ';'),
 '_converters': <configparser.ConverterMapping object at 0x7ff715e0f690>,
 '_defaults': OrderedDict(),
 '_delimiters': ('=', ':'),
 '_dict': <class 'collections.OrderedDict'>,
 '_empty_lines_in_values': True,
 '_inline_comment_prefixes': (),
 '_input_filepath': '/home/altschul/Pictures/data/Out/trinity_assembly.Trinity.fasta',
 '_interpolation': <configparser.BasicInterpolation object at 0x7ff733d612d0>,
 '_mode': 'transcriptome',
 '_optcre': re.compile('\n        (?P<option>.*?)                    # very permissive!\n        \\s*(?P<vi>=|:)\\s*              # any number of space/tab,\n                                           # followed by any of t, re.VERBOSE),
 '_proxies': OrderedDict([('DEFAULT', <Section: DEFAULT>),
                          ('busco_run', <Section: busco_run>),
                          ('optimize_augustus.pl',
                           <Section: optimize_augustus.pl>),
                          ('hmmsearch', <Section: hmmsearch>),
                          ('prodigal', <Section: prodigal>),
                          ('makeblastdb', <Section: makeblastdb>),
                          ('bbtools', <Section: bbtools>),
                          ('augustus', <Section: augustus>),
                          ('tblastn', <Section: tblastn>),
                          ('etraining', <Section: etraining>),
                          ('metaeuk', <Section: metaeuk>),
                          ('sepp', <Section: sepp>),
                          ('gff2gbSmallDNA.pl', <Section: gff2gbSmallDNA.pl>),
                          ('new_species.pl', <Section: new_species.pl>)]),
 '_sections': OrderedDict([('busco_run',
                            OrderedDict([('out_path',
                                          '/home/altschul/Pictures/check'),
                                         ('cpu', '16'),
                                         ('force', 'True'),
                                         ('restart', 'False'),
                                         ('quiet', 'False'),
                                         ('download_path',
                                          '/home/altschul/Pictures/check/busco_downloads'),
                                         ('datasets_version', 'odb10'),
                                         ('offline', 'False'),
                                         ('download_base_url',
                                          'https://busco-data.ezlab.org/v5/data/'),
                                         ('auto-lineage', 'False'),
                                         ('auto-lineage-prok', 'False'),
                                         ('auto-lineage-euk', 'False'),
                                         ('update-data', 'False'),
                                         ('use_augustus', 'False'),
                                         ('use_miniprot', 'False'),
                                         ('batch_mode', 'False'),
                                         ('tar', 'False'),
                                         ('in',
                                          '/home/altschul/Pictures/data/Out/trinity_assembly.Trinity.fasta'),
                                         ('out', 'busco_result'),
                                         ('mode', 'transcriptome'),
                                         ('lineage_dataset',
                                          'synergistetes_odb10'),
                                         ('main_out',
                                          '/home/altschul/Pictures/check/busco_result')])),
                           ('optimize_augustus.pl',
                            OrderedDict([('path', ''), ('command', '')])),
                           ('hmmsearch',
                            OrderedDict([('path', ''), ('command', '')])),
                           ('prodigal',
                            OrderedDict([('path', ''), ('command', '')])),
                           ('makeblastdb',
                            OrderedDict([('path', ''), ('command', '')])),
                           ('bbtools',
                            OrderedDict([('path', ''), ('command', '')])),
                           ('augustus',
                            OrderedDict([('path', ''), ('command', '')])),
                           ('tblastn',
                            OrderedDict([('path', ''), ('command', '')])),
                           ('etraining',
                            OrderedDict([('path', ''), ('command', '')])),
                           ('metaeuk',
                            OrderedDict([('path', ''), ('command', '')])),
                           ('sepp',
                            OrderedDict([('path', ''), ('command', '')])),
                           ('gff2gbSmallDNA.pl',
                            OrderedDict([('path', ''), ('command', '')])),
                           ('new_species.pl',
                            OrderedDict([('path', ''), ('command', '')]))]),
 '_strict': True,
 'conf_file': 'local environment',
 'default_section': 'DEFAULT',
 'downloader': <busco.BuscoDownloadManager.BuscoDownloadManager object at 0x7ff70dccfad0>,
 'main_out': '/home/altschul/Pictures/check/busco_result',
 'params': {'augustus_parameters': None,
            'augustus_species': None,
            'auto-lineage': False,
            'auto-lineage-euk': False,
            'auto-lineage-prok': False,
            'config_file': None,
            'contig_break': None,
            'cpu': 16,
            'datasets_version': None,
            'download': '==SUPPRESS==',
            'download_base_url': None,
            'download_path': None,
            'evalue': None,
            'force': True,
            'help': '==SUPPRESS==',
            'in': '/home/altschul/Pictures/data/Out/trinity_assembly.Trinity.fasta',
            'limit': None,
            'lineage_dataset': 'synergistetes_odb10',
            'list_datasets': '==SUPPRESS==',
            'long': False,
            'metaeuk_parameters': None,
            'metaeuk_rerun_parameters': None,
            'mode': 'transcriptome',
            'offline': False,
            'out': 'busco_result',
            'out_path': None,
            'quiet': False,
            'restart': False,
            'scaffold_composition': False,
            'tar': False,
            'update-data': False,
            'use_augustus': False,
            'use_miniprot': False,
            'version': '==SUPPRESS=='}}
2023-12-04 20:10:22 INFO:busco.BuscoRunner	Input file is /home/altschul/Pictures/data/Out/trinity_assembly.Trinity.fasta
2023-12-04 20:10:22 INFO:busco.BuscoDownloadManager	Downloading file 'https://busco-data.ezlab.org/v5/data/lineages/synergistetes_odb10.2020-03-06.tar.gz'
2023-12-04 20:10:37 DEBUG:busco.BuscoDownloadManager	md5 hash is 8f7dfc139094256c3db8072889a7f1d3
2023-12-04 20:10:37 INFO:busco.BuscoDownloadManager	Decompressing file '/home/altschul/Pictures/check/busco_downloads/lineages/synergistetes_odb10.tar.gz'
2023-12-04 20:10:38 DEBUG:busco.analysis.BuscoAnalysis	Check all required tools are accessible...
2023-12-04 20:10:38 DEBUG:busco.analysis.BuscoAnalysis	Checking dataset for HMM profiles
2023-12-04 20:10:38 INFO:busco.analysis.BuscoAnalysis	Running BUSCO using lineage dataset synergistetes_odb10 (prokaryota, 2020-03-06)
2023-12-04 20:10:38 DEBUG:busco.busco_tools.base	Tool: makeblastdb
2023-12-04 20:10:38 DEBUG:busco.busco_tools.base	Version: 2.15.0+
2023-12-04 20:10:38 INFO:busco.busco_tools.Toolset	Running 1 job(s) on makeblastdb, starting at 12/04/2023 20:10:38
2023-12-04 20:10:39 INFO:busco.busco_tools.blast	Creating BLAST database with input file
2023-12-04 20:10:39 DEBUG:busco.busco_tools.Toolset	cmd call: makeblastdb -in /home/altschul/Pictures/data/Out/trinity_assembly.Trinity.fasta -dbtype nucl -out /home/altschul/Pictures/check/busco_result/blast_db/trinity_assembly.Trinity.fasta
2023-12-04 20:10:39 INFO:busco.busco_tools.Toolset	[makeblastdb]	1 of 1 task(s) completed
2023-12-04 20:10:39 INFO:busco.busco_tools.blast	Running a BLAST search for BUSCOs against created database
2023-12-04 20:10:39 DEBUG:busco.busco_tools.base	Tool: tblastn
2023-12-04 20:10:39 DEBUG:busco.busco_tools.base	Version: 2.15.0+
2023-12-04 20:10:39 INFO:busco.busco_tools.Toolset	Running 1 job(s) on tblastn, starting at 12/04/2023 20:10:39
2023-12-04 20:10:40 DEBUG:busco.busco_tools.Toolset	cmd call: tblastn -evalue 0.001 -num_threads 16 -query /home/altschul/Pictures/check/busco_downloads/lineages/synergistetes_odb10/ancestral_variants -db /home/altschul/Pictures/check/busco_result/blast_db/trinity_assembly.Trinity.fasta -out /home/altschul/Pictures/check/busco_result/run_synergistetes_odb10/blast_output/tblastn.tsv -outfmt 7
2023-12-04 20:10:40 INFO:busco.busco_tools.Toolset	[tblastn]	1 of 1 task(s) completed
2023-12-04 20:10:40 INFO:busco.analysis.TranscriptomeAnalysis	Translating candidate transcripts
2023-12-04 20:10:40 INFO:busco.analysis.BuscoAnalysis	***** Run HMMER on gene sequences *****
2023-12-04 20:10:40 DEBUG:busco.busco_tools.base	Tool: hmmsearch
2023-12-04 20:10:40 DEBUG:busco.busco_tools.base	Version: 3.1
2023-12-04 20:10:40 INFO:busco.busco_tools.Toolset	Running 2 job(s) on hmmsearch, starting at 12/04/2023 20:10:40
2023-12-04 20:10:41 DEBUG:busco.busco_tools.Toolset	cmd call: hmmsearch --domtblout /home/altschul/Pictures/check/busco_result/run_synergistetes_odb10/hmmer_output/2856at508458.out --cpu 1 /home/altschul/Pictures/check/busco_downloads/lineages/synergistetes_odb10/hmms/2856at508458.hmm /home/altschul/Pictures/check/busco_result/translated_proteins/2856at508458.faa
2023-12-04 20:10:41 INFO:busco.busco_tools.Toolset	[hmmsearch]	1 of 2 task(s) completed
2023-12-04 20:10:41 DEBUG:busco.busco_tools.Toolset	cmd call: hmmsearch --domtblout /home/altschul/Pictures/check/busco_result/run_synergistetes_odb10/hmmer_output/552at508458.out --cpu 1 /home/altschul/Pictures/check/busco_downloads/lineages/synergistetes_odb10/hmms/552at508458.hmm /home/altschul/Pictures/check/busco_result/translated_proteins/552at508458.faa
2023-12-04 20:10:41 INFO:busco.busco_tools.Toolset	[hmmsearch]	2 of 2 task(s) completed
2023-12-04 20:10:42 WARNING:busco.busco_tools.hmmer	BUSCO did not find any match. Make sure to check the log files if this is unexpected.
2023-12-04 20:10:42 INFO:busco.busco_tools.hmmer	Results:	C:0.0%[S:0.0%,D:0.0%],F:0.0%,M:100.0%,n:655	   

2023-12-04 20:10:42 INFO:busco.BuscoRunner	

	---------------------------------------------------
	|Results from dataset synergistetes_odb10          |
	---------------------------------------------------
	|C:0.0%[S:0.0%,D:0.0%],F:0.0%,M:100.0%,n:655       |
	|0	Complete BUSCOs (C)                        |
	|0	Complete and single-copy BUSCOs (S)        |
	|0	Complete and duplicated BUSCOs (D)         |
	|0	Fragmented BUSCOs (F)                      |
	|655	Missing BUSCOs (M)                         |
	|655	Total BUSCO groups searched                |
	---------------------------------------------------
2023-12-04 20:10:42 INFO:busco.BuscoRunner	BUSCO analysis done with WARNING(s). Total running time: 20 seconds

***** Summary of warnings: *****
2023-12-04 20:10:42 INFO:busco.BuscoRunner	Results written in /home/altschul/Pictures/check/busco_result
2023-12-04 20:10:42 INFO:busco.BuscoRunner	For assistance with interpreting the results, please consult the userguide: https://busco.ezlab.org/busco_userguide.html

2023-12-04 20:10:42 INFO:busco.BuscoRunner	Visit this page https://gitlab.com/ezlab/busco#how-to-cite-busco to see how to cite BUSCO
