[2023-12-04 20:10:12.970] [jointLog] [info] setting maxHashResizeThreads to 16
[2023-12-04 20:10:12.970] [jointLog] [info] Fragment incompatibility prior below threshold.  Incompatible fragments will be ignored.
[2023-12-04 20:10:12.970] [jointLog] [info] Usage of --validateMappings implies use of minScoreFraction. Since not explicitly specified, it is being set to 0.65
[2023-12-04 20:10:12.970] [jointLog] [info] Setting consensusSlack to selective-alignment default of 0.35.
[2023-12-04 20:10:12.970] [jointLog] [info] parsing read library format
[2023-12-04 20:10:12.971] [jointLog] [info] There is 1 library.
[2023-12-04 20:10:12.971] [jointLog] [info] Loading pufferfish index
[2023-12-04 20:10:12.971] [jointLog] [info] Loading dense pufferfish index.
[2023-12-04 20:10:12.971] [jointLog] [info] done
[2023-12-04 20:10:13.028] [jointLog] [info] Index contained 2 targets
[2023-12-04 20:10:13.028] [jointLog] [info] Number of decoys : 0
[2023-12-04 20:10:13.104] [jointLog] [info] Computed 2 rich equivalence classes for further processing
[2023-12-04 20:10:13.104] [jointLog] [info] Counted 3,850 total reads in the equivalence classes 
[2023-12-04 20:10:13.104] [fileLog] [info] 
At end of round 0
==================
Observed 3880 total fragments (3880 in most recent round)

[2023-12-04 20:10:13.115] [jointLog] [warning] 0.773196% of fragments were shorter than the k used to build the index.
If this fraction is too large, consider re-building the index with a smaller k.
The minimum read size found was 21.


[2023-12-04 20:10:13.115] [jointLog] [info] Number of mappings discarded because of alignment score : 0
[2023-12-04 20:10:13.115] [jointLog] [info] Number of fragments entirely discarded because of alignment score : 0
[2023-12-04 20:10:13.115] [jointLog] [info] Number of fragments discarded because they are best-mapped to decoys : 0
[2023-12-04 20:10:13.115] [jointLog] [info] Number of fragments discarded because they have only dovetail (discordant) mappings to valid targets : 0
[2023-12-04 20:10:13.115] [jointLog] [warning] Only 3850 fragments were mapped, but the number of burn-in fragments was set to 5000000.
The effective lengths have been computed using the observed mappings.

[2023-12-04 20:10:13.115] [jointLog] [info] Mapping rate = 99.2268%

[2023-12-04 20:10:13.115] [jointLog] [info] finished quantifyLibrary()
[2023-12-04 20:10:13.115] [jointLog] [info] Starting optimizer
[2023-12-04 20:10:13.116] [jointLog] [info] Marked 0 weighted equivalence classes as degenerate
[2023-12-04 20:10:13.116] [jointLog] [info] iteration = 0 | max rel diff. = 0.119177
[2023-12-04 20:10:13.117] [jointLog] [info] iteration = 100 | max rel diff. = 0
[2023-12-04 20:10:13.117] [jointLog] [info] Finished optimizer
[2023-12-04 20:10:13.117] [jointLog] [info] writing output 

